<?xml version="1.0" encoding="UTF-8"?>
<coverage generated="1534958846040" clover="3.2.0">
  <project timestamp="1534958846040" name="All files">
    <metrics statements="186" coveredstatements="120" conditionals="147" coveredconditionals="83" methods="33" coveredmethods="18" elements="366" coveredelements="221" complexity="0" loc="186" ncloc="186" packages="2" files="11" classes="11">
      <package name="react-native-dropdownalert">
        <metrics statements="181" coveredstatements="115" conditionals="147" coveredconditionals="83" methods="33" coveredmethods="18"/>
        <file name="DropdownAlert.js" path="/Users/ryan/Dev/react/react-native-dropdownalert/DropdownAlert.js">
          <metrics statements="150" coveredstatements="84" conditionals="120" coveredconditionals="58" methods="30" coveredmethods="15"/>
          <line num="136" count="13" type="stmt"/>
          <line num="137" count="13" type="stmt"/>
          <line num="150" count="13" type="stmt"/>
          <line num="153" count="0" type="cond" truecount="0" falsecount="2"/>
          <line num="154" count="0" type="stmt"/>
          <line num="158" count="13" type="stmt"/>
          <line num="160" count="0" type="stmt"/>
          <line num="163" count="0" type="cond" truecount="0" falsecount="3"/>
          <line num="166" count="0" type="cond" truecount="0" falsecount="2"/>
          <line num="167" count="0" type="stmt"/>
          <line num="173" count="0" type="stmt"/>
          <line num="174" count="0" type="cond" truecount="0" falsecount="2"/>
          <line num="175" count="0" type="stmt"/>
          <line num="179" count="0" type="stmt"/>
          <line num="180" count="0" type="cond" truecount="0" falsecount="2"/>
          <line num="181" count="0" type="stmt"/>
          <line num="187" count="3" type="cond" truecount="2" falsecount="0"/>
          <line num="188" count="1" type="stmt"/>
          <line num="190" count="2" type="cond" truecount="2" falsecount="0"/>
          <line num="191" count="1" type="stmt"/>
          <line num="192" count="1" type="stmt"/>
          <line num="194" count="2" type="cond" truecount="2" falsecount="0"/>
          <line num="195" count="1" type="stmt"/>
          <line num="196" count="1" type="stmt"/>
          <line num="198" count="2" type="cond" truecount="2" falsecount="0"/>
          <line num="199" count="1" type="stmt"/>
          <line num="206" count="1" type="cond" truecount="1" falsecount="1"/>
          <line num="207" count="0" type="stmt"/>
          <line num="209" count="1" type="cond" truecount="1" falsecount="1"/>
          <line num="210" count="1" type="cond" truecount="1" falsecount="1"/>
          <line num="211" count="1" type="stmt"/>
          <line num="213" count="1" type="stmt"/>
          <line num="215" count="0" type="stmt"/>
          <line num="221" count="1" type="stmt"/>
          <line num="222" count="1" type="cond" truecount="1" falsecount="1"/>
          <line num="223" count="0" type="stmt"/>
          <line num="224" count="0" type="stmt"/>
          <line num="226" count="1" type="stmt"/>
          <line num="227" count="1" type="stmt"/>
          <line num="229" count="0" type="cond" truecount="0" falsecount="2"/>
          <line num="230" count="0" type="stmt"/>
          <line num="238" count="0" type="stmt"/>
          <line num="239" count="0" type="cond" truecount="0" falsecount="2"/>
          <line num="240" count="0" type="stmt"/>
          <line num="242" count="0" type="stmt"/>
          <line num="253" count="2" type="cond" truecount="2" falsecount="0"/>
          <line num="254" count="1" type="stmt"/>
          <line num="256" count="2" type="stmt"/>
          <line num="257" count="2" type="cond" truecount="2" falsecount="0"/>
          <line num="258" count="1" type="stmt"/>
          <line num="260" count="2" type="cond" truecount="2" falsecount="0"/>
          <line num="261" count="1" type="cond" truecount="1" falsecount="1"/>
          <line num="262" count="0" type="stmt"/>
          <line num="264" count="1" type="stmt"/>
          <line num="265" count="1" type="stmt"/>
          <line num="267" count="0" type="cond" truecount="0" falsecount="2"/>
          <line num="268" count="0" type="stmt"/>
          <line num="271" count="0" type="cond" truecount="0" falsecount="2"/>
          <line num="272" count="0" type="cond" truecount="0" falsecount="2"/>
          <line num="273" count="0" type="stmt"/>
          <line num="275" count="0" type="stmt"/>
          <line num="278" count="0" type="cond" truecount="0" falsecount="2"/>
          <line num="279" count="0" type="stmt"/>
          <line num="285" count="0" type="stmt"/>
          <line num="294" count="1" type="cond" truecount="1" falsecount="1"/>
          <line num="295" count="1" type="cond" truecount="1" falsecount="1"/>
          <line num="296" count="1" type="stmt"/>
          <line num="298" count="1" type="stmt"/>
          <line num="301" count="1" type="cond" truecount="1" falsecount="1"/>
          <line num="302" count="1" type="cond" truecount="1" falsecount="1"/>
          <line num="303" count="0" type="stmt"/>
          <line num="305" count="1" type="stmt"/>
          <line num="311" count="1" type="stmt"/>
          <line num="319" count="0" type="stmt"/>
          <line num="320" count="0" type="stmt"/>
          <line num="321" count="0" type="stmt"/>
          <line num="322" count="0" type="stmt"/>
          <line num="323" count="0" type="cond" truecount="0" falsecount="2"/>
          <line num="324" count="0" type="stmt"/>
          <line num="325" count="0" type="cond" truecount="0" falsecount="2"/>
          <line num="326" count="0" type="stmt"/>
          <line num="328" count="0" type="cond" truecount="0" falsecount="2"/>
          <line num="329" count="0" type="stmt"/>
          <line num="331" count="0" type="cond" truecount="0" falsecount="2"/>
          <line num="332" count="0" type="stmt"/>
          <line num="333" count="0" type="cond" truecount="0" falsecount="2"/>
          <line num="334" count="0" type="stmt"/>
          <line num="336" count="0" type="stmt"/>
          <line num="337" count="0" type="cond" truecount="0" falsecount="2"/>
          <line num="338" count="0" type="stmt"/>
          <line num="340" count="0" type="cond" truecount="0" falsecount="4"/>
          <line num="341" count="0" type="stmt"/>
          <line num="348" count="10" type="stmt"/>
          <line num="349" count="10" type="cond" truecount="5" falsecount="0"/>
          <line num="351" count="3" type="stmt"/>
          <line num="353" count="1" type="stmt"/>
          <line num="355" count="1" type="stmt"/>
          <line num="357" count="1" type="stmt"/>
          <line num="359" count="4" type="stmt"/>
          <line num="363" count="10" type="cond" truecount="5" falsecount="0"/>
          <line num="365" count="3" type="stmt"/>
          <line num="367" count="1" type="stmt"/>
          <line num="369" count="1" type="stmt"/>
          <line num="371" count="1" type="stmt"/>
          <line num="373" count="4" type="stmt"/>
          <line num="377" count="10" type="cond" truecount="5" falsecount="0"/>
          <line num="379" count="3" type="stmt"/>
          <line num="381" count="1" type="stmt"/>
          <line num="383" count="1" type="stmt"/>
          <line num="385" count="1" type="stmt"/>
          <line num="387" count="4" type="stmt"/>
          <line num="391" count="10" type="cond" truecount="1" falsecount="1"/>
          <line num="392" count="0" type="stmt"/>
          <line num="394" count="10" type="stmt"/>
          <line num="397" count="10" type="cond" truecount="2" falsecount="0"/>
          <line num="398" count="1" type="cond" truecount="1" falsecount="1"/>
          <line num="399" count="0" type="stmt"/>
          <line num="401" count="1" type="stmt"/>
          <line num="408" count="0" type="stmt"/>
          <line num="415" count="9" type="stmt"/>
          <line num="418" count="10" type="cond" truecount="1" falsecount="1"/>
          <line num="419" count="0" type="stmt"/>
          <line num="421" count="10" type="stmt"/>
          <line num="425" count="10" type="cond" truecount="1" falsecount="1"/>
          <line num="426" count="0" type="stmt"/>
          <line num="428" count="10" type="stmt"/>
          <line num="432" count="24" type="stmt"/>
          <line num="433" count="24" type="cond" truecount="2" falsecount="0"/>
          <line num="434" count="10" type="stmt"/>
          <line num="435" count="10" type="stmt"/>
          <line num="436" count="10" type="stmt"/>
          <line num="437" count="10" type="stmt"/>
          <line num="438" count="10" type="cond" truecount="1" falsecount="1"/>
          <line num="439" count="0" type="cond" truecount="0" falsecount="2"/>
          <line num="440" count="0" type="stmt"/>
          <line num="442" count="0" type="cond" truecount="0" falsecount="2"/>
          <line num="443" count="0" type="stmt"/>
          <line num="446" count="10" type="cond" truecount="1" falsecount="1"/>
          <line num="447" count="10" type="cond" truecount="1" falsecount="1"/>
          <line num="448" count="0" type="stmt"/>
          <line num="449" count="0" type="stmt"/>
          <line num="450" count="10" type="cond" truecount="1" falsecount="1"/>
          <line num="451" count="10" type="stmt"/>
          <line num="454" count="10" type="stmt"/>
          <line num="469" count="10" type="cond" truecount="2" falsecount="0"/>
          <line num="470" count="10" type="stmt"/>
          <line num="471" count="0" type="stmt"/>
          <line num="475" count="0" type="cond" truecount="1" falsecount="1"/>
          <line num="477" count="0" type="stmt"/>
          <line num="493" count="14" type="stmt"/>
        </file>
        <file name="constants.js" path="/Users/ryan/Dev/react/react-native-dropdownalert/constants.js">
          <metrics statements="9" coveredstatements="9" conditionals="4" coveredconditionals="2" methods="0" coveredmethods="0"/>
          <line num="3" count="3" type="cond" truecount="1" falsecount="1"/>
          <line num="4" count="3" type="cond" truecount="1" falsecount="1"/>
          <line num="5" count="3" type="stmt"/>
          <line num="6" count="3" type="stmt"/>
          <line num="7" count="3" type="stmt"/>
          <line num="8" count="3" type="stmt"/>
          <line num="9" count="3" type="stmt"/>
          <line num="10" count="3" type="stmt"/>
          <line num="12" count="3" type="stmt"/>
        </file>
        <file name="functions.js" path="/Users/ryan/Dev/react/react-native-dropdownalert/functions.js">
          <metrics statements="8" coveredstatements="8" conditionals="11" coveredconditionals="11" methods="1" coveredmethods="1"/>
          <line num="1" count="2" type="stmt"/>
          <line num="2" count="10" type="cond" truecount="4" falsecount="0"/>
          <line num="3" count="1" type="stmt"/>
          <line num="4" count="1" type="stmt"/>
          <line num="6" count="9" type="cond" truecount="7" falsecount="0"/>
          <line num="7" count="2" type="stmt"/>
          <line num="8" count="2" type="stmt"/>
          <line num="10" count="7" type="stmt"/>
        </file>
        <file name="imageview.js" path="/Users/ryan/Dev/react/react-native-dropdownalert/imageview.js">
          <metrics statements="9" coveredstatements="9" conditionals="8" coveredconditionals="8" methods="1" coveredmethods="1"/>
          <line num="23" count="5" type="stmt"/>
          <line num="24" count="5" type="cond" truecount="2" falsecount="0"/>
          <line num="25" count="4" type="stmt"/>
          <line num="26" count="4" type="cond" truecount="2" falsecount="0"/>
          <line num="27" count="1" type="stmt"/>
          <line num="29" count="4" type="cond" truecount="2" falsecount="0"/>
          <line num="30" count="1" type="stmt"/>
          <line num="32" count="4" type="cond" truecount="2" falsecount="0"/>
          <line num="34" count="1" type="stmt"/>
        </file>
        <file name="label.js" path="/Users/ryan/Dev/react/react-native-dropdownalert/label.js">
          <metrics statements="4" coveredstatements="4" conditionals="4" coveredconditionals="4" methods="1" coveredmethods="1"/>
          <line num="24" count="2" type="stmt"/>
          <line num="25" count="2" type="cond" truecount="4" falsecount="0"/>
          <line num="26" count="1" type="stmt"/>
          <line num="32" count="1" type="stmt"/>
        </file>
        <file name="setupTests.js" path="/Users/ryan/Dev/react/react-native-dropdownalert/setupTests.js">
          <metrics statements="1" coveredstatements="1" conditionals="0" coveredconditionals="0" methods="0" coveredmethods="0"/>
          <line num="3" count="5" type="stmt"/>
        </file>
      </package>
      <package name="react-native-dropdownalert.assets">
        <metrics statements="5" coveredstatements="5" conditionals="0" coveredconditionals="0" methods="0" coveredmethods="0"/>
        <file name="cancel.png" path="/Users/ryan/Dev/react/react-native-dropdownalert/assets/cancel.png">
          <metrics statements="1" coveredstatements="1" conditionals="0" coveredconditionals="0" methods="0" coveredmethods="0"/>
          <line num="1" count="1" type="stmt"/>
        </file>
        <file name="error.png" path="/Users/ryan/Dev/react/react-native-dropdownalert/assets/error.png">
          <metrics statements="1" coveredstatements="1" conditionals="0" coveredconditionals="0" methods="0" coveredmethods="0"/>
          <line num="1" count="2" type="stmt"/>
        </file>
        <file name="info.png" path="/Users/ryan/Dev/react/react-native-dropdownalert/assets/info.png">
          <metrics statements="1" coveredstatements="1" conditionals="0" coveredconditionals="0" methods="0" coveredmethods="0"/>
          <line num="1" count="1" type="stmt"/>
        </file>
        <file name="success.png" path="/Users/ryan/Dev/react/react-native-dropdownalert/assets/success.png">
          <metrics statements="1" coveredstatements="1" conditionals="0" coveredconditionals="0" methods="0" coveredmethods="0"/>
          <line num="1" count="1" type="stmt"/>
        </file>
        <file name="warn.png" path="/Users/ryan/Dev/react/react-native-dropdownalert/assets/warn.png">
          <metrics statements="1" coveredstatements="1" conditionals="0" coveredconditionals="0" methods="0" coveredmethods="0"/>
          <line num="1" count="1" type="stmt"/>
        </file>
      </package>
    </metrics>
  </project>
</coverage>
