{"/Users/ryan/Dev/react/react-native-dropdownalert/DropdownAlert.js": {"path":"/Users/ryan/Dev/react/react-native-dropdownalert/DropdownAlert.js","statementMap":{"0":{"start":{"line":136,"column":4},"end":{"line":136,"column":17}},"1":{"start":{"line":137,"column":4},"end":{"line":147,"column":6}},"2":{"start":{"line":150,"column":4},"end":{"line":150,"column":30}},"3":{"start":{"line":153,"column":4},"end":{"line":155,"column":5}},"4":{"start":{"line":154,"column":6},"end":{"line":154,"column":41}},"5":{"start":{"line":158,"column":4},"end":{"line":184,"column":7}},"6":{"start":{"line":160,"column":8},"end":{"line":160,"column":46}},"7":{"start":{"line":163,"column":8},"end":{"line":163,"column":155}},"8":{"start":{"line":166,"column":8},"end":{"line":170,"column":9}},"9":{"start":{"line":167,"column":10},"end":{"line":169,"column":13}},"10":{"start":{"line":173,"column":22},"end":{"line":173,"column":47}},"11":{"start":{"line":174,"column":8},"end":{"line":176,"column":9}},"12":{"start":{"line":175,"column":10},"end":{"line":175,"column":28}},"13":{"start":{"line":179,"column":22},"end":{"line":179,"column":47}},"14":{"start":{"line":180,"column":8},"end":{"line":182,"column":9}},"15":{"start":{"line":181,"column":10},"end":{"line":181,"column":28}},"16":{"start":{"line":187,"column":4},"end":{"line":189,"column":5}},"17":{"start":{"line":188,"column":6},"end":{"line":188,"column":13}},"18":{"start":{"line":190,"column":4},"end":{"line":193,"column":5}},"19":{"start":{"line":191,"column":6},"end":{"line":191,"column":31}},"20":{"start":{"line":192,"column":6},"end":{"line":192,"column":60}},"21":{"start":{"line":194,"column":4},"end":{"line":197,"column":5}},"22":{"start":{"line":195,"column":6},"end":{"line":195,"column":35}},"23":{"start":{"line":196,"column":6},"end":{"line":196,"column":62}},"24":{"start":{"line":198,"column":4},"end":{"line":250,"column":5}},"25":{"start":{"line":199,"column":6},"end":{"line":205,"column":9}},"26":{"start":{"line":206,"column":6},"end":{"line":208,"column":7}},"27":{"start":{"line":207,"column":8},"end":{"line":207,"column":24}},"28":{"start":{"line":209,"column":6},"end":{"line":219,"column":7}},"29":{"start":{"line":210,"column":8},"end":{"line":212,"column":9}},"30":{"start":{"line":211,"column":10},"end":{"line":211,"column":45}},"31":{"start":{"line":213,"column":8},"end":{"line":218,"column":10}},"32":{"start":{"line":215,"column":12},"end":{"line":215,"column":36}},"33":{"start":{"line":221,"column":32},"end":{"line":221,"column":33}},"34":{"start":{"line":222,"column":6},"end":{"line":225,"column":7}},"35":{"start":{"line":223,"column":8},"end":{"line":223,"column":34}},"36":{"start":{"line":224,"column":8},"end":{"line":224,"column":21}},"37":{"start":{"line":226,"column":17},"end":{"line":226,"column":21}},"38":{"start":{"line":227,"column":6},"end":{"line":249,"column":8}},"39":{"start":{"line":229,"column":10},"end":{"line":237,"column":11}},"40":{"start":{"line":230,"column":12},"end":{"line":236,"column":15}},"41":{"start":{"line":238,"column":10},"end":{"line":238,"column":26}},"42":{"start":{"line":239,"column":10},"end":{"line":246,"column":11}},"43":{"start":{"line":240,"column":12},"end":{"line":245,"column":14}},"44":{"start":{"line":242,"column":16},"end":{"line":242,"column":40}},"45":{"start":{"line":253,"column":4},"end":{"line":255,"column":5}},"46":{"start":{"line":254,"column":6},"end":{"line":254,"column":30}},"47":{"start":{"line":256,"column":18},"end":{"line":256,"column":36}},"48":{"start":{"line":257,"column":4},"end":{"line":259,"column":5}},"49":{"start":{"line":258,"column":6},"end":{"line":258,"column":36}},"50":{"start":{"line":260,"column":4},"end":{"line":291,"column":5}},"51":{"start":{"line":261,"column":6},"end":{"line":263,"column":7}},"52":{"start":{"line":262,"column":8},"end":{"line":262,"column":43}},"53":{"start":{"line":264,"column":6},"end":{"line":264,"column":22}},"54":{"start":{"line":265,"column":6},"end":{"line":290,"column":8}},"55":{"start":{"line":267,"column":10},"end":{"line":287,"column":11}},"56":{"start":{"line":268,"column":12},"end":{"line":270,"column":15}},"57":{"start":{"line":271,"column":12},"end":{"line":277,"column":13}},"58":{"start":{"line":272,"column":14},"end":{"line":276,"column":15}},"59":{"start":{"line":273,"column":16},"end":{"line":273,"column":96}},"60":{"start":{"line":275,"column":16},"end":{"line":275,"column":79}},"61":{"start":{"line":278,"column":12},"end":{"line":286,"column":13}},"62":{"start":{"line":279,"column":25},"end":{"line":284,"column":15}},"63":{"start":{"line":285,"column":14},"end":{"line":285,"column":28}},"64":{"start":{"line":294,"column":4},"end":{"line":308,"column":5}},"65":{"start":{"line":295,"column":6},"end":{"line":297,"column":7}},"66":{"start":{"line":296,"column":8},"end":{"line":296,"column":43}},"67":{"start":{"line":298,"column":6},"end":{"line":300,"column":9}},"68":{"start":{"line":301,"column":6},"end":{"line":307,"column":7}},"69":{"start":{"line":302,"column":8},"end":{"line":306,"column":9}},"70":{"start":{"line":303,"column":10},"end":{"line":303,"column":90}},"71":{"start":{"line":305,"column":10},"end":{"line":305,"column":73}},"72":{"start":{"line":311,"column":4},"end":{"line":316,"column":15}},"73":{"start":{"line":319,"column":36},"end":{"line":319,"column":60}},"74":{"start":{"line":320,"column":27},"end":{"line":320,"column":48}},"75":{"start":{"line":321,"column":25},"end":{"line":321,"column":44}},"76":{"start":{"line":322,"column":37},"end":{"line":322,"column":47}},"77":{"start":{"line":323,"column":4},"end":{"line":330,"column":5}},"78":{"start":{"line":324,"column":20},"end":{"line":324,"column":30}},"79":{"start":{"line":325,"column":6},"end":{"line":327,"column":7}},"80":{"start":{"line":326,"column":8},"end":{"line":326,"column":33}},"81":{"start":{"line":328,"column":11},"end":{"line":330,"column":5}},"82":{"start":{"line":329,"column":6},"end":{"line":329,"column":48}},"83":{"start":{"line":331,"column":4},"end":{"line":335,"column":5}},"84":{"start":{"line":332,"column":6},"end":{"line":332,"column":25}},"85":{"start":{"line":333,"column":11},"end":{"line":335,"column":5}},"86":{"start":{"line":334,"column":6},"end":{"line":334,"column":46}},"87":{"start":{"line":336,"column":24},"end":{"line":336,"column":57}},"88":{"start":{"line":337,"column":4},"end":{"line":339,"column":5}},"89":{"start":{"line":338,"column":6},"end":{"line":338,"column":46}},"90":{"start":{"line":340,"column":4},"end":{"line":345,"column":5}},"91":{"start":{"line":341,"column":6},"end":{"line":344,"column":9}},"92":{"start":{"line":348,"column":33},"end":{"line":348,"column":43}},"93":{"start":{"line":349,"column":4},"end":{"line":360,"column":5}},"94":{"start":{"line":351,"column":8},"end":{"line":351,"column":97}},"95":{"start":{"line":353,"column":8},"end":{"line":353,"column":97}},"96":{"start":{"line":355,"column":8},"end":{"line":355,"column":98}},"97":{"start":{"line":357,"column":8},"end":{"line":357,"column":100}},"98":{"start":{"line":359,"column":8},"end":{"line":359,"column":101}},"99":{"start":{"line":363,"column":4},"end":{"line":374,"column":5}},"100":{"start":{"line":365,"column":8},"end":{"line":365,"column":39}},"101":{"start":{"line":367,"column":8},"end":{"line":367,"column":39}},"102":{"start":{"line":369,"column":8},"end":{"line":369,"column":40}},"103":{"start":{"line":371,"column":8},"end":{"line":371,"column":42}},"104":{"start":{"line":373,"column":8},"end":{"line":373,"column":35}},"105":{"start":{"line":377,"column":4},"end":{"line":388,"column":5}},"106":{"start":{"line":379,"column":8},"end":{"line":379,"column":36}},"107":{"start":{"line":381,"column":8},"end":{"line":381,"column":36}},"108":{"start":{"line":383,"column":8},"end":{"line":383,"column":37}},"109":{"start":{"line":385,"column":8},"end":{"line":385,"column":39}},"110":{"start":{"line":387,"column":8},"end":{"line":387,"column":57}},"111":{"start":{"line":391,"column":4},"end":{"line":393,"column":5}},"112":{"start":{"line":392,"column":6},"end":{"line":392,"column":48}},"113":{"start":{"line":394,"column":4},"end":{"line":394,"column":91}},"114":{"start":{"line":397,"column":4},"end":{"line":414,"column":5}},"115":{"start":{"line":398,"column":6},"end":{"line":413,"column":7}},"116":{"start":{"line":399,"column":8},"end":{"line":399,"column":51}},"117":{"start":{"line":401,"column":8},"end":{"line":412,"column":10}},"118":{"start":{"line":408,"column":27},"end":{"line":408,"column":47}},"119":{"start":{"line":415,"column":4},"end":{"line":415,"column":16}},"120":{"start":{"line":418,"column":4},"end":{"line":422,"column":5}},"121":{"start":{"line":419,"column":6},"end":{"line":419,"column":48}},"122":{"start":{"line":421,"column":6},"end":{"line":421,"column":140}},"123":{"start":{"line":425,"column":4},"end":{"line":429,"column":5}},"124":{"start":{"line":426,"column":6},"end":{"line":426,"column":50}},"125":{"start":{"line":428,"column":6},"end":{"line":428,"column":146}},"126":{"start":{"line":432,"column":29},"end":{"line":432,"column":39}},"127":{"start":{"line":433,"column":4},"end":{"line":492,"column":5}},"128":{"start":{"line":434,"column":18},"end":{"line":434,"column":44}},"129":{"start":{"line":435,"column":21},"end":{"line":435,"column":48}},"130":{"start":{"line":436,"column":30},"end":{"line":436,"column":66}},"131":{"start":{"line":437,"column":130},"end":{"line":437,"column":140}},"132":{"start":{"line":438,"column":6},"end":{"line":445,"column":7}},"133":{"start":{"line":439,"column":8},"end":{"line":441,"column":9}},"134":{"start":{"line":440,"column":10},"end":{"line":440,"column":67}},"135":{"start":{"line":442,"column":8},"end":{"line":444,"column":9}},"136":{"start":{"line":443,"column":10},"end":{"line":443,"column":59}},"137":{"start":{"line":446,"column":6},"end":{"line":453,"column":7}},"138":{"start":{"line":447,"column":8},"end":{"line":452,"column":9}},"139":{"start":{"line":448,"column":10},"end":{"line":448,"column":77}},"140":{"start":{"line":449,"column":10},"end":{"line":449,"column":48}},"141":{"start":{"line":450,"column":15},"end":{"line":452,"column":9}},"142":{"start":{"line":451,"column":10},"end":{"line":451,"column":60}},"143":{"start":{"line":454,"column":25},"end":{"line":468,"column":7}},"144":{"start":{"line":469,"column":6},"end":{"line":469,"column":80}},"145":{"start":{"line":469,"column":37},"end":{"line":469,"column":80}},"146":{"start":{"line":470,"column":6},"end":{"line":491,"column":8}},"147":{"start":{"line":471,"column":35},"end":{"line":471,"column":54}},"148":{"start":{"line":475,"column":66},"end":{"line":475,"column":83}},"149":{"start":{"line":477,"column":31},"end":{"line":477,"column":56}},"150":{"start":{"line":493,"column":4},"end":{"line":493,"column":16}}},"fnMap":{"0":{"name":"(anonymous_0)","decl":{"start":{"line":135,"column":2},"end":{"line":135,"column":3}},"loc":{"start":{"line":135,"column":21},"end":{"line":148,"column":3}},"line":135},"1":{"name":"(anonymous_1)","decl":{"start":{"line":149,"column":2},"end":{"line":149,"column":3}},"loc":{"start":{"line":149,"column":23},"end":{"line":151,"column":3}},"line":149},"2":{"name":"(anonymous_2)","decl":{"start":{"line":152,"column":2},"end":{"line":152,"column":3}},"loc":{"start":{"line":152,"column":25},"end":{"line":156,"column":3}},"line":152},"3":{"name":"(anonymous_3)","decl":{"start":{"line":157,"column":23},"end":{"line":157,"column":24}},"loc":{"start":{"line":157,"column":29},"end":{"line":185,"column":3}},"line":157},"4":{"name":"(anonymous_4)","decl":{"start":{"line":159,"column":36},"end":{"line":159,"column":37}},"loc":{"start":{"line":159,"column":59},"end":{"line":161,"column":7}},"line":159},"5":{"name":"(anonymous_5)","decl":{"start":{"line":162,"column":35},"end":{"line":162,"column":36}},"loc":{"start":{"line":162,"column":58},"end":{"line":164,"column":7}},"line":162},"6":{"name":"(anonymous_6)","decl":{"start":{"line":165,"column":26},"end":{"line":165,"column":27}},"loc":{"start":{"line":165,"column":49},"end":{"line":171,"column":7}},"line":165},"7":{"name":"(anonymous_7)","decl":{"start":{"line":172,"column":29},"end":{"line":172,"column":30}},"loc":{"start":{"line":172,"column":52},"end":{"line":177,"column":7}},"line":172},"8":{"name":"(anonymous_8)","decl":{"start":{"line":178,"column":31},"end":{"line":178,"column":32}},"loc":{"start":{"line":178,"column":54},"end":{"line":183,"column":7}},"line":178},"9":{"name":"(anonymous_9)","decl":{"start":{"line":186,"column":18},"end":{"line":186,"column":19}},"loc":{"start":{"line":186,"column":44},"end":{"line":251,"column":3}},"line":186},"10":{"name":"(anonymous_10)","decl":{"start":{"line":214,"column":10},"end":{"line":214,"column":11}},"loc":{"start":{"line":214,"column":21},"end":{"line":216,"column":11}},"line":214},"11":{"name":"(anonymous_11)","decl":{"start":{"line":228,"column":8},"end":{"line":228,"column":9}},"loc":{"start":{"line":228,"column":19},"end":{"line":247,"column":9}},"line":228},"12":{"name":"(anonymous_12)","decl":{"start":{"line":241,"column":14},"end":{"line":241,"column":15}},"loc":{"start":{"line":241,"column":25},"end":{"line":243,"column":15}},"line":241},"13":{"name":"(anonymous_13)","decl":{"start":{"line":252,"column":10},"end":{"line":252,"column":11}},"loc":{"start":{"line":252,"column":20},"end":{"line":292,"column":3}},"line":252},"14":{"name":"(anonymous_14)","decl":{"start":{"line":266,"column":8},"end":{"line":266,"column":9}},"loc":{"start":{"line":266,"column":19},"end":{"line":288,"column":9}},"line":266},"15":{"name":"(anonymous_15)","decl":{"start":{"line":293,"column":2},"end":{"line":293,"column":3}},"loc":{"start":{"line":293,"column":18},"end":{"line":309,"column":3}},"line":293},"16":{"name":"(anonymous_16)","decl":{"start":{"line":310,"column":12},"end":{"line":310,"column":13}},"loc":{"start":{"line":310,"column":23},"end":{"line":317,"column":3}},"line":310},"17":{"name":"(anonymous_17)","decl":{"start":{"line":318,"column":2},"end":{"line":318,"column":3}},"loc":{"start":{"line":318,"column":23},"end":{"line":346,"column":3}},"line":318},"18":{"name":"(anonymous_18)","decl":{"start":{"line":347,"column":2},"end":{"line":347,"column":3}},"loc":{"start":{"line":347,"column":24},"end":{"line":361,"column":3}},"line":347},"19":{"name":"(anonymous_19)","decl":{"start":{"line":362,"column":2},"end":{"line":362,"column":3}},"loc":{"start":{"line":362,"column":25},"end":{"line":375,"column":3}},"line":362},"20":{"name":"(anonymous_20)","decl":{"start":{"line":376,"column":2},"end":{"line":376,"column":3}},"loc":{"start":{"line":376,"column":34},"end":{"line":389,"column":3}},"line":376},"21":{"name":"(anonymous_21)","decl":{"start":{"line":390,"column":2},"end":{"line":390,"column":3}},"loc":{"start":{"line":390,"column":22},"end":{"line":395,"column":3}},"line":390},"22":{"name":"(anonymous_22)","decl":{"start":{"line":396,"column":2},"end":{"line":396,"column":3}},"loc":{"start":{"line":396,"column":21},"end":{"line":416,"column":3}},"line":396},"23":{"name":"(anonymous_23)","decl":{"start":{"line":408,"column":21},"end":{"line":408,"column":22}},"loc":{"start":{"line":408,"column":27},"end":{"line":408,"column":47}},"line":408},"24":{"name":"(anonymous_24)","decl":{"start":{"line":417,"column":2},"end":{"line":417,"column":3}},"loc":{"start":{"line":417,"column":16},"end":{"line":423,"column":3}},"line":417},"25":{"name":"(anonymous_25)","decl":{"start":{"line":424,"column":2},"end":{"line":424,"column":3}},"loc":{"start":{"line":424,"column":18},"end":{"line":430,"column":3}},"line":424},"26":{"name":"(anonymous_26)","decl":{"start":{"line":431,"column":2},"end":{"line":431,"column":3}},"loc":{"start":{"line":431,"column":11},"end":{"line":494,"column":3}},"line":431},"27":{"name":"(anonymous_27)","decl":{"start":{"line":471,"column":28},"end":{"line":471,"column":29}},"loc":{"start":{"line":471,"column":35},"end":{"line":471,"column":54}},"line":471},"28":{"name":"(anonymous_28)","decl":{"start":{"line":475,"column":60},"end":{"line":475,"column":61}},"loc":{"start":{"line":475,"column":66},"end":{"line":475,"column":83}},"line":475},"29":{"name":"(anonymous_29)","decl":{"start":{"line":477,"column":22},"end":{"line":477,"column":23}},"loc":{"start":{"line":477,"column":31},"end":{"line":477,"column":56}},"line":477}},"branchMap":{"0":{"loc":{"start":{"line":113,"column":18},"end":{"line":113,"column":37}},"type":"cond-expr","locations":[{"start":{"line":113,"column":31},"end":{"line":113,"column":32}},{"start":{"line":113,"column":35},"end":{"line":113,"column":37}}],"line":113},"1":{"loc":{"start":{"line":153,"column":4},"end":{"line":155,"column":5}},"type":"if","locations":[{"start":{"line":153,"column":4},"end":{"line":155,"column":5}},{"start":{"line":153,"column":4},"end":{"line":155,"column":5}}],"line":153},"2":{"loc":{"start":{"line":163,"column":15},"end":{"line":163,"column":154}},"type":"binary-expr","locations":[{"start":{"line":163,"column":15},"end":{"line":163,"column":65}},{"start":{"line":163,"column":69},"end":{"line":163,"column":120}},{"start":{"line":163,"column":124},"end":{"line":163,"column":154}}],"line":163},"3":{"loc":{"start":{"line":166,"column":8},"end":{"line":170,"column":9}},"type":"if","locations":[{"start":{"line":166,"column":8},"end":{"line":170,"column":9}},{"start":{"line":166,"column":8},"end":{"line":170,"column":9}}],"line":166},"4":{"loc":{"start":{"line":174,"column":8},"end":{"line":176,"column":9}},"type":"if","locations":[{"start":{"line":174,"column":8},"end":{"line":176,"column":9}},{"start":{"line":174,"column":8},"end":{"line":176,"column":9}}],"line":174},"5":{"loc":{"start":{"line":180,"column":8},"end":{"line":182,"column":9}},"type":"if","locations":[{"start":{"line":180,"column":8},"end":{"line":182,"column":9}},{"start":{"line":180,"column":8},"end":{"line":182,"column":9}}],"line":180},"6":{"loc":{"start":{"line":187,"column":4},"end":{"line":189,"column":5}},"type":"if","locations":[{"start":{"line":187,"column":4},"end":{"line":189,"column":5}},{"start":{"line":187,"column":4},"end":{"line":189,"column":5}}],"line":187},"7":{"loc":{"start":{"line":190,"column":4},"end":{"line":193,"column":5}},"type":"if","locations":[{"start":{"line":190,"column":4},"end":{"line":193,"column":5}},{"start":{"line":190,"column":4},"end":{"line":193,"column":5}}],"line":190},"8":{"loc":{"start":{"line":194,"column":4},"end":{"line":197,"column":5}},"type":"if","locations":[{"start":{"line":194,"column":4},"end":{"line":197,"column":5}},{"start":{"line":194,"column":4},"end":{"line":197,"column":5}}],"line":194},"9":{"loc":{"start":{"line":198,"column":4},"end":{"line":250,"column":5}},"type":"if","locations":[{"start":{"line":198,"column":4},"end":{"line":250,"column":5}},{"start":{"line":198,"column":4},"end":{"line":250,"column":5}}],"line":198},"10":{"loc":{"start":{"line":206,"column":6},"end":{"line":208,"column":7}},"type":"if","locations":[{"start":{"line":206,"column":6},"end":{"line":208,"column":7}},{"start":{"line":206,"column":6},"end":{"line":208,"column":7}}],"line":206},"11":{"loc":{"start":{"line":209,"column":6},"end":{"line":219,"column":7}},"type":"if","locations":[{"start":{"line":209,"column":6},"end":{"line":219,"column":7}},{"start":{"line":209,"column":6},"end":{"line":219,"column":7}}],"line":209},"12":{"loc":{"start":{"line":210,"column":8},"end":{"line":212,"column":9}},"type":"if","locations":[{"start":{"line":210,"column":8},"end":{"line":212,"column":9}},{"start":{"line":210,"column":8},"end":{"line":212,"column":9}}],"line":210},"13":{"loc":{"start":{"line":222,"column":6},"end":{"line":225,"column":7}},"type":"if","locations":[{"start":{"line":222,"column":6},"end":{"line":225,"column":7}},{"start":{"line":222,"column":6},"end":{"line":225,"column":7}}],"line":222},"14":{"loc":{"start":{"line":229,"column":10},"end":{"line":237,"column":11}},"type":"if","locations":[{"start":{"line":229,"column":10},"end":{"line":237,"column":11}},{"start":{"line":229,"column":10},"end":{"line":237,"column":11}}],"line":229},"15":{"loc":{"start":{"line":239,"column":10},"end":{"line":246,"column":11}},"type":"if","locations":[{"start":{"line":239,"column":10},"end":{"line":246,"column":11}},{"start":{"line":239,"column":10},"end":{"line":246,"column":11}}],"line":239},"16":{"loc":{"start":{"line":253,"column":4},"end":{"line":255,"column":5}},"type":"if","locations":[{"start":{"line":253,"column":4},"end":{"line":255,"column":5}},{"start":{"line":253,"column":4},"end":{"line":255,"column":5}}],"line":253},"17":{"loc":{"start":{"line":257,"column":4},"end":{"line":259,"column":5}},"type":"if","locations":[{"start":{"line":257,"column":4},"end":{"line":259,"column":5}},{"start":{"line":257,"column":4},"end":{"line":259,"column":5}}],"line":257},"18":{"loc":{"start":{"line":260,"column":4},"end":{"line":291,"column":5}},"type":"if","locations":[{"start":{"line":260,"column":4},"end":{"line":291,"column":5}},{"start":{"line":260,"column":4},"end":{"line":291,"column":5}}],"line":260},"19":{"loc":{"start":{"line":261,"column":6},"end":{"line":263,"column":7}},"type":"if","locations":[{"start":{"line":261,"column":6},"end":{"line":263,"column":7}},{"start":{"line":261,"column":6},"end":{"line":263,"column":7}}],"line":261},"20":{"loc":{"start":{"line":267,"column":10},"end":{"line":287,"column":11}},"type":"if","locations":[{"start":{"line":267,"column":10},"end":{"line":287,"column":11}},{"start":{"line":267,"column":10},"end":{"line":287,"column":11}}],"line":267},"21":{"loc":{"start":{"line":271,"column":12},"end":{"line":277,"column":13}},"type":"if","locations":[{"start":{"line":271,"column":12},"end":{"line":277,"column":13}},{"start":{"line":271,"column":12},"end":{"line":277,"column":13}}],"line":271},"22":{"loc":{"start":{"line":272,"column":14},"end":{"line":276,"column":15}},"type":"if","locations":[{"start":{"line":272,"column":14},"end":{"line":276,"column":15}},{"start":{"line":272,"column":14},"end":{"line":276,"column":15}}],"line":272},"23":{"loc":{"start":{"line":278,"column":12},"end":{"line":286,"column":13}},"type":"if","locations":[{"start":{"line":278,"column":12},"end":{"line":286,"column":13}},{"start":{"line":278,"column":12},"end":{"line":286,"column":13}}],"line":278},"24":{"loc":{"start":{"line":294,"column":4},"end":{"line":308,"column":5}},"type":"if","locations":[{"start":{"line":294,"column":4},"end":{"line":308,"column":5}},{"start":{"line":294,"column":4},"end":{"line":308,"column":5}}],"line":294},"25":{"loc":{"start":{"line":295,"column":6},"end":{"line":297,"column":7}},"type":"if","locations":[{"start":{"line":295,"column":6},"end":{"line":297,"column":7}},{"start":{"line":295,"column":6},"end":{"line":297,"column":7}}],"line":295},"26":{"loc":{"start":{"line":301,"column":6},"end":{"line":307,"column":7}},"type":"if","locations":[{"start":{"line":301,"column":6},"end":{"line":307,"column":7}},{"start":{"line":301,"column":6},"end":{"line":307,"column":7}}],"line":301},"27":{"loc":{"start":{"line":302,"column":8},"end":{"line":306,"column":9}},"type":"if","locations":[{"start":{"line":302,"column":8},"end":{"line":306,"column":9}},{"start":{"line":302,"column":8},"end":{"line":306,"column":9}}],"line":302},"28":{"loc":{"start":{"line":323,"column":4},"end":{"line":330,"column":5}},"type":"if","locations":[{"start":{"line":323,"column":4},"end":{"line":330,"column":5}},{"start":{"line":323,"column":4},"end":{"line":330,"column":5}}],"line":323},"29":{"loc":{"start":{"line":325,"column":6},"end":{"line":327,"column":7}},"type":"if","locations":[{"start":{"line":325,"column":6},"end":{"line":327,"column":7}},{"start":{"line":325,"column":6},"end":{"line":327,"column":7}}],"line":325},"30":{"loc":{"start":{"line":328,"column":11},"end":{"line":330,"column":5}},"type":"if","locations":[{"start":{"line":328,"column":11},"end":{"line":330,"column":5}},{"start":{"line":328,"column":11},"end":{"line":330,"column":5}}],"line":328},"31":{"loc":{"start":{"line":331,"column":4},"end":{"line":335,"column":5}},"type":"if","locations":[{"start":{"line":331,"column":4},"end":{"line":335,"column":5}},{"start":{"line":331,"column":4},"end":{"line":335,"column":5}}],"line":331},"32":{"loc":{"start":{"line":333,"column":11},"end":{"line":335,"column":5}},"type":"if","locations":[{"start":{"line":333,"column":11},"end":{"line":335,"column":5}},{"start":{"line":333,"column":11},"end":{"line":335,"column":5}}],"line":333},"33":{"loc":{"start":{"line":337,"column":4},"end":{"line":339,"column":5}},"type":"if","locations":[{"start":{"line":337,"column":4},"end":{"line":339,"column":5}},{"start":{"line":337,"column":4},"end":{"line":339,"column":5}}],"line":337},"34":{"loc":{"start":{"line":340,"column":4},"end":{"line":345,"column":5}},"type":"if","locations":[{"start":{"line":340,"column":4},"end":{"line":345,"column":5}},{"start":{"line":340,"column":4},"end":{"line":345,"column":5}}],"line":340},"35":{"loc":{"start":{"line":340,"column":8},"end":{"line":340,"column":90}},"type":"binary-expr","locations":[{"start":{"line":340,"column":8},"end":{"line":340,"column":49}},{"start":{"line":340,"column":53},"end":{"line":340,"column":90}}],"line":340},"36":{"loc":{"start":{"line":349,"column":4},"end":{"line":360,"column":5}},"type":"switch","locations":[{"start":{"line":350,"column":6},"end":{"line":351,"column":97}},{"start":{"line":352,"column":6},"end":{"line":353,"column":97}},{"start":{"line":354,"column":6},"end":{"line":355,"column":98}},{"start":{"line":356,"column":6},"end":{"line":357,"column":100}},{"start":{"line":358,"column":6},"end":{"line":359,"column":101}}],"line":349},"37":{"loc":{"start":{"line":363,"column":4},"end":{"line":374,"column":5}},"type":"switch","locations":[{"start":{"line":364,"column":6},"end":{"line":365,"column":39}},{"start":{"line":366,"column":6},"end":{"line":367,"column":39}},{"start":{"line":368,"column":6},"end":{"line":369,"column":40}},{"start":{"line":370,"column":6},"end":{"line":371,"column":42}},{"start":{"line":372,"column":6},"end":{"line":373,"column":35}}],"line":363},"38":{"loc":{"start":{"line":377,"column":4},"end":{"line":388,"column":5}},"type":"switch","locations":[{"start":{"line":378,"column":6},"end":{"line":379,"column":36}},{"start":{"line":380,"column":6},"end":{"line":381,"column":36}},{"start":{"line":382,"column":6},"end":{"line":383,"column":37}},{"start":{"line":384,"column":6},"end":{"line":385,"column":39}},{"start":{"line":386,"column":6},"end":{"line":387,"column":57}}],"line":377},"39":{"loc":{"start":{"line":391,"column":4},"end":{"line":393,"column":5}},"type":"if","locations":[{"start":{"line":391,"column":4},"end":{"line":393,"column":5}},{"start":{"line":391,"column":4},"end":{"line":393,"column":5}}],"line":391},"40":{"loc":{"start":{"line":397,"column":4},"end":{"line":414,"column":5}},"type":"if","locations":[{"start":{"line":397,"column":4},"end":{"line":414,"column":5}},{"start":{"line":397,"column":4},"end":{"line":414,"column":5}}],"line":397},"41":{"loc":{"start":{"line":398,"column":6},"end":{"line":413,"column":7}},"type":"if","locations":[{"start":{"line":398,"column":6},"end":{"line":413,"column":7}},{"start":{"line":398,"column":6},"end":{"line":413,"column":7}}],"line":398},"42":{"loc":{"start":{"line":418,"column":4},"end":{"line":422,"column":5}},"type":"if","locations":[{"start":{"line":418,"column":4},"end":{"line":422,"column":5}},{"start":{"line":418,"column":4},"end":{"line":422,"column":5}}],"line":418},"43":{"loc":{"start":{"line":425,"column":4},"end":{"line":429,"column":5}},"type":"if","locations":[{"start":{"line":425,"column":4},"end":{"line":429,"column":5}},{"start":{"line":425,"column":4},"end":{"line":429,"column":5}}],"line":425},"44":{"loc":{"start":{"line":433,"column":4},"end":{"line":492,"column":5}},"type":"if","locations":[{"start":{"line":433,"column":4},"end":{"line":492,"column":5}},{"start":{"line":433,"column":4},"end":{"line":492,"column":5}}],"line":433},"45":{"loc":{"start":{"line":438,"column":6},"end":{"line":445,"column":7}},"type":"if","locations":[{"start":{"line":438,"column":6},"end":{"line":445,"column":7}},{"start":{"line":438,"column":6},"end":{"line":445,"column":7}}],"line":438},"46":{"loc":{"start":{"line":439,"column":8},"end":{"line":441,"column":9}},"type":"if","locations":[{"start":{"line":439,"column":8},"end":{"line":441,"column":9}},{"start":{"line":439,"column":8},"end":{"line":441,"column":9}}],"line":439},"47":{"loc":{"start":{"line":442,"column":8},"end":{"line":444,"column":9}},"type":"if","locations":[{"start":{"line":442,"column":8},"end":{"line":444,"column":9}},{"start":{"line":442,"column":8},"end":{"line":444,"column":9}}],"line":442},"48":{"loc":{"start":{"line":446,"column":6},"end":{"line":453,"column":7}},"type":"if","locations":[{"start":{"line":446,"column":6},"end":{"line":453,"column":7}},{"start":{"line":446,"column":6},"end":{"line":453,"column":7}}],"line":446},"49":{"loc":{"start":{"line":447,"column":8},"end":{"line":452,"column":9}},"type":"if","locations":[{"start":{"line":447,"column":8},"end":{"line":452,"column":9}},{"start":{"line":447,"column":8},"end":{"line":452,"column":9}}],"line":447},"50":{"loc":{"start":{"line":450,"column":15},"end":{"line":452,"column":9}},"type":"if","locations":[{"start":{"line":450,"column":15},"end":{"line":452,"column":9}},{"start":{"line":450,"column":15},"end":{"line":452,"column":9}}],"line":450},"51":{"loc":{"start":{"line":469,"column":6},"end":{"line":469,"column":80}},"type":"if","locations":[{"start":{"line":469,"column":6},"end":{"line":469,"column":80}},{"start":{"line":469,"column":6},"end":{"line":469,"column":80}}],"line":469},"52":{"loc":{"start":{"line":474,"column":27},"end":{"line":474,"column":81}},"type":"cond-expr","locations":[{"start":{"line":474,"column":73},"end":{"line":474,"column":74}},{"start":{"line":474,"column":77},"end":{"line":474,"column":81}}],"line":474},"53":{"loc":{"start":{"line":474,"column":27},"end":{"line":474,"column":70}},"type":"binary-expr","locations":[{"start":{"line":474,"column":27},"end":{"line":474,"column":56}},{"start":{"line":474,"column":60},"end":{"line":474,"column":70}}],"line":474},"54":{"loc":{"start":{"line":475,"column":21},"end":{"line":475,"column":83}},"type":"cond-expr","locations":[{"start":{"line":475,"column":53},"end":{"line":475,"column":57}},{"start":{"line":475,"column":60},"end":{"line":475,"column":83}}],"line":475}},"s":{"0":13,"1":13,"2":13,"3":0,"4":0,"5":13,"6":0,"7":0,"8":0,"9":0,"10":0,"11":0,"12":0,"13":0,"14":0,"15":0,"16":3,"17":1,"18":2,"19":1,"20":1,"21":2,"22":1,"23":1,"24":2,"25":1,"26":1,"27":0,"28":1,"29":1,"30":1,"31":1,"32":0,"33":1,"34":1,"35":0,"36":0,"37":1,"38":1,"39":0,"40":0,"41":0,"42":0,"43":0,"44":0,"45":2,"46":1,"47":2,"48":2,"49":1,"50":2,"51":1,"52":0,"53":1,"54":1,"55":0,"56":0,"57":0,"58":0,"59":0,"60":0,"61":0,"62":0,"63":0,"64":1,"65":1,"66":1,"67":1,"68":1,"69":1,"70":0,"71":1,"72":1,"73":0,"74":0,"75":0,"76":0,"77":0,"78":0,"79":0,"80":0,"81":0,"82":0,"83":0,"84":0,"85":0,"86":0,"87":0,"88":0,"89":0,"90":0,"91":0,"92":10,"93":10,"94":3,"95":1,"96":1,"97":1,"98":4,"99":10,"100":3,"101":1,"102":1,"103":1,"104":4,"105":10,"106":3,"107":1,"108":1,"109":1,"110":4,"111":10,"112":0,"113":10,"114":10,"115":1,"116":0,"117":1,"118":0,"119":9,"120":10,"121":0,"122":10,"123":10,"124":0,"125":10,"126":24,"127":24,"128":10,"129":10,"130":10,"131":10,"132":10,"133":0,"134":0,"135":0,"136":0,"137":10,"138":10,"139":0,"140":0,"141":10,"142":10,"143":10,"144":10,"145":1,"146":10,"147":0,"148":0,"149":0,"150":14},"f":{"0":13,"1":13,"2":0,"3":13,"4":0,"5":0,"6":0,"7":0,"8":0,"9":3,"10":0,"11":0,"12":0,"13":2,"14":0,"15":1,"16":1,"17":0,"18":10,"19":10,"20":10,"21":10,"22":10,"23":0,"24":10,"25":10,"26":24,"27":0,"28":0,"29":0},"b":{"0":[0,1],"1":[0,0],"2":[0,0,0],"3":[0,0],"4":[0,0],"5":[0,0],"6":[1,2],"7":[1,1],"8":[1,1],"9":[1,1],"10":[0,1],"11":[1,0],"12":[1,0],"13":[0,1],"14":[0,0],"15":[0,0],"16":[1,1],"17":[1,1],"18":[1,1],"19":[0,1],"20":[0,0],"21":[0,0],"22":[0,0],"23":[0,0],"24":[1,0],"25":[1,0],"26":[1,0],"27":[0,1],"28":[0,0],"29":[0,0],"30":[0,0],"31":[0,0],"32":[0,0],"33":[0,0],"34":[0,0],"35":[0,0],"36":[3,1,1,1,4],"37":[3,1,1,1,4],"38":[3,1,1,1,4],"39":[0,10],"40":[1,9],"41":[0,1],"42":[0,10],"43":[0,10],"44":[10,14],"45":[0,10],"46":[0,0],"47":[0,0],"48":[10,0],"49":[0,10],"50":[10,0],"51":[1,9],"52":[1,9],"53":[10,10],"54":[0,10]},"_coverageSchema":"332fd63041d2c1bcb487cc26dd0d5f7d97098a6c","hash":"14b40e0bac7673244a3254e9ea1427fd67561222"}
,"/Users/ryan/Dev/react/react-native-dropdownalert/constants.js": {"path":"/Users/ryan/Dev/react/react-native-dropdownalert/constants.js","statementMap":{"0":{"start":{"line":3,"column":33},"end":{"line":3,"column":109}},"1":{"start":{"line":4,"column":40},"end":{"line":4,"column":121}},"2":{"start":{"line":5,"column":33},"end":{"line":5,"column":35}},"3":{"start":{"line":6,"column":15},"end":{"line":6,"column":39}},"4":{"start":{"line":7,"column":15},"end":{"line":7,"column":28}},"5":{"start":{"line":8,"column":14},"end":{"line":8,"column":26}},"6":{"start":{"line":9,"column":15},"end":{"line":9,"column":35}},"7":{"start":{"line":10,"column":19},"end":{"line":10,"column":43}},"8":{"start":{"line":12,"column":0},"end":{"line":21,"column":2}}},"fnMap":{},"branchMap":{"0":{"loc":{"start":{"line":3,"column":33},"end":{"line":3,"column":109}},"type":"cond-expr","locations":[{"start":{"line":3,"column":59},"end":{"line":3,"column":97}},{"start":{"line":3,"column":100},"end":{"line":3,"column":109}}],"line":3},"1":{"loc":{"start":{"line":4,"column":40},"end":{"line":4,"column":121}},"type":"cond-expr","locations":[{"start":{"line":4,"column":66},"end":{"line":4,"column":111}},{"start":{"line":4,"column":114},"end":{"line":4,"column":121}}],"line":4}},"s":{"0":3,"1":3,"2":3,"3":3,"4":3,"5":3,"6":3,"7":3,"8":3},"f":{},"b":{"0":[3,0],"1":[3,0]},"_coverageSchema":"332fd63041d2c1bcb487cc26dd0d5f7d97098a6c","hash":"9e993d86758b8f26aac19b39414fde866e35e50c"}
,"/Users/ryan/Dev/react/react-native-dropdownalert/functions.js": {"path":"/Users/ryan/Dev/react/react-native-dropdownalert/functions.js","statementMap":{"0":{"start":{"line":1,"column":0},"end":{"line":11,"column":2}},"1":{"start":{"line":2,"column":2},"end":{"line":5,"column":3}},"2":{"start":{"line":3,"column":4},"end":{"line":3,"column":93}},"3":{"start":{"line":4,"column":4},"end":{"line":4,"column":17}},"4":{"start":{"line":6,"column":2},"end":{"line":9,"column":3}},"5":{"start":{"line":7,"column":4},"end":{"line":7,"column":103}},"6":{"start":{"line":8,"column":4},"end":{"line":8,"column":17}},"7":{"start":{"line":10,"column":2},"end":{"line":10,"column":14}}},"fnMap":{"0":{"name":"(anonymous_0)","decl":{"start":{"line":1,"column":30},"end":{"line":1,"column":31}},"loc":{"start":{"line":1,"column":45},"end":{"line":11,"column":1}},"line":1}},"branchMap":{"0":{"loc":{"start":{"line":2,"column":2},"end":{"line":5,"column":3}},"type":"if","locations":[{"start":{"line":2,"column":2},"end":{"line":5,"column":3}},{"start":{"line":2,"column":2},"end":{"line":5,"column":3}}],"line":2},"1":{"loc":{"start":{"line":2,"column":6},"end":{"line":2,"column":40}},"type":"binary-expr","locations":[{"start":{"line":2,"column":6},"end":{"line":2,"column":23}},{"start":{"line":2,"column":27},"end":{"line":2,"column":40}}],"line":2},"2":{"loc":{"start":{"line":6,"column":2},"end":{"line":9,"column":3}},"type":"if","locations":[{"start":{"line":6,"column":2},"end":{"line":9,"column":3}},{"start":{"line":6,"column":2},"end":{"line":9,"column":3}}],"line":6},"3":{"loc":{"start":{"line":6,"column":6},"end":{"line":6,"column":98}},"type":"binary-expr","locations":[{"start":{"line":6,"column":6},"end":{"line":6,"column":20}},{"start":{"line":6,"column":24},"end":{"line":6,"column":38}},{"start":{"line":6,"column":42},"end":{"line":6,"column":57}},{"start":{"line":6,"column":61},"end":{"line":6,"column":77}},{"start":{"line":6,"column":81},"end":{"line":6,"column":98}}],"line":6}},"s":{"0":2,"1":10,"2":1,"3":1,"4":9,"5":2,"6":2,"7":7},"f":{"0":10},"b":{"0":[1,9],"1":[10,9],"2":[2,7],"3":[9,7,6,4,3]},"_coverageSchema":"332fd63041d2c1bcb487cc26dd0d5f7d97098a6c","hash":"4d89776884472a323d1e942f572594cf62188915"}
,"/Users/ryan/Dev/react/react-native-dropdownalert/imageview.js": {"path":"/Users/ryan/Dev/react/react-native-dropdownalert/imageview.js","statementMap":{"0":{"start":{"line":23,"column":42},"end":{"line":23,"column":52}},"1":{"start":{"line":24,"column":4},"end":{"line":33,"column":5}},"2":{"start":{"line":25,"column":23},"end":{"line":25,"column":49}},"3":{"start":{"line":26,"column":6},"end":{"line":28,"column":7}},"4":{"start":{"line":27,"column":8},"end":{"line":27,"column":50}},"5":{"start":{"line":29,"column":6},"end":{"line":31,"column":7}},"6":{"start":{"line":30,"column":8},"end":{"line":30,"column":51}},"7":{"start":{"line":32,"column":6},"end":{"line":32,"column":98}},"8":{"start":{"line":34,"column":4},"end":{"line":34,"column":16}}},"fnMap":{"0":{"name":"(anonymous_0)","decl":{"start":{"line":22,"column":2},"end":{"line":22,"column":3}},"loc":{"start":{"line":22,"column":11},"end":{"line":35,"column":3}},"line":22}},"branchMap":{"0":{"loc":{"start":{"line":24,"column":4},"end":{"line":33,"column":5}},"type":"if","locations":[{"start":{"line":24,"column":4},"end":{"line":33,"column":5}},{"start":{"line":24,"column":4},"end":{"line":33,"column":5}}],"line":24},"1":{"loc":{"start":{"line":26,"column":6},"end":{"line":28,"column":7}},"type":"if","locations":[{"start":{"line":26,"column":6},"end":{"line":28,"column":7}},{"start":{"line":26,"column":6},"end":{"line":28,"column":7}}],"line":26},"2":{"loc":{"start":{"line":29,"column":6},"end":{"line":31,"column":7}},"type":"if","locations":[{"start":{"line":29,"column":6},"end":{"line":31,"column":7}},{"start":{"line":29,"column":6},"end":{"line":31,"column":7}}],"line":29},"3":{"loc":{"start":{"line":32,"column":42},"end":{"line":32,"column":77}},"type":"cond-expr","locations":[{"start":{"line":32,"column":53},"end":{"line":32,"column":68}},{"start":{"line":32,"column":71},"end":{"line":32,"column":77}}],"line":32}},"s":{"0":5,"1":5,"2":4,"3":4,"4":1,"5":4,"6":1,"7":4,"8":1},"f":{"0":5},"b":{"0":[4,1],"1":[1,3],"2":[1,3],"3":[3,1]},"_coverageSchema":"332fd63041d2c1bcb487cc26dd0d5f7d97098a6c","hash":"e6d697d63f21a430bc43b05dc9565731fa6d9541"}
,"/Users/ryan/Dev/react/react-native-dropdownalert/label.js": {"path":"/Users/ryan/Dev/react/react-native-dropdownalert/label.js","statementMap":{"0":{"start":{"line":24,"column":54},"end":{"line":24,"column":64}},"1":{"start":{"line":25,"column":4},"end":{"line":31,"column":5}},"2":{"start":{"line":26,"column":6},"end":{"line":30,"column":8}},"3":{"start":{"line":32,"column":4},"end":{"line":32,"column":16}}},"fnMap":{"0":{"name":"(anonymous_0)","decl":{"start":{"line":23,"column":2},"end":{"line":23,"column":3}},"loc":{"start":{"line":23,"column":11},"end":{"line":33,"column":3}},"line":23}},"branchMap":{"0":{"loc":{"start":{"line":25,"column":4},"end":{"line":31,"column":5}},"type":"if","locations":[{"start":{"line":25,"column":4},"end":{"line":31,"column":5}},{"start":{"line":25,"column":4},"end":{"line":31,"column":5}}],"line":25},"1":{"loc":{"start":{"line":25,"column":8},"end":{"line":25,"column":40}},"type":"binary-expr","locations":[{"start":{"line":25,"column":8},"end":{"line":25,"column":21}},{"start":{"line":25,"column":25},"end":{"line":25,"column":40}}],"line":25}},"s":{"0":2,"1":2,"2":1,"3":1},"f":{"0":2},"b":{"0":[1,1],"1":[2,2]},"_coverageSchema":"332fd63041d2c1bcb487cc26dd0d5f7d97098a6c","hash":"908db39da903640f2ff02f9f684d4ffbce32924b"}
,"/Users/ryan/Dev/react/react-native-dropdownalert/setupTests.js": {"path":"/Users/ryan/Dev/react/react-native-dropdownalert/setupTests.js","statementMap":{"0":{"start":{"line":3,"column":0},"end":{"line":3,"column":38}}},"fnMap":{},"branchMap":{},"s":{"0":5},"f":{},"b":{},"_coverageSchema":"332fd63041d2c1bcb487cc26dd0d5f7d97098a6c","hash":"ed66aaeb754ac7f2a368e56b2a4a30b1e71e2fbc"}
,"/Users/ryan/Dev/react/react-native-dropdownalert/assets/cancel.png": {"path":"/Users/ryan/Dev/react/react-native-dropdownalert/assets/cancel.png","statementMap":{"0":{"start":{"line":1,"column":0},"end":{"line":3,"column":6}}},"fnMap":{},"branchMap":{},"s":{"0":1},"f":{},"b":{},"_coverageSchema":"332fd63041d2c1bcb487cc26dd0d5f7d97098a6c","hash":"b939438f59dd4d2acbc19eb0791315e26f950f44"}
,"/Users/ryan/Dev/react/react-native-dropdownalert/assets/error.png": {"path":"/Users/ryan/Dev/react/react-native-dropdownalert/assets/error.png","statementMap":{"0":{"start":{"line":1,"column":0},"end":{"line":3,"column":6}}},"fnMap":{},"branchMap":{},"s":{"0":2},"f":{},"b":{},"_coverageSchema":"332fd63041d2c1bcb487cc26dd0d5f7d97098a6c","hash":"a18f9b551f0c941e5f7660686910c5c757a03319"}
,"/Users/ryan/Dev/react/react-native-dropdownalert/assets/info.png": {"path":"/Users/ryan/Dev/react/react-native-dropdownalert/assets/info.png","statementMap":{"0":{"start":{"line":1,"column":0},"end":{"line":3,"column":6}}},"fnMap":{},"branchMap":{},"s":{"0":1},"f":{},"b":{},"_coverageSchema":"332fd63041d2c1bcb487cc26dd0d5f7d97098a6c","hash":"fb06057d1ed6ecb513ca868ff23977bbf869616c"}
,"/Users/ryan/Dev/react/react-native-dropdownalert/assets/success.png": {"path":"/Users/ryan/Dev/react/react-native-dropdownalert/assets/success.png","statementMap":{"0":{"start":{"line":1,"column":0},"end":{"line":3,"column":6}}},"fnMap":{},"branchMap":{},"s":{"0":1},"f":{},"b":{},"_coverageSchema":"332fd63041d2c1bcb487cc26dd0d5f7d97098a6c","hash":"cc38c66fe05902ec98d19f9464a4ee01406aedda"}
,"/Users/ryan/Dev/react/react-native-dropdownalert/assets/warn.png": {"path":"/Users/ryan/Dev/react/react-native-dropdownalert/assets/warn.png","statementMap":{"0":{"start":{"line":1,"column":0},"end":{"line":3,"column":6}}},"fnMap":{},"branchMap":{},"s":{"0":1},"f":{},"b":{},"_coverageSchema":"332fd63041d2c1bcb487cc26dd0d5f7d97098a6c","hash":"0d53772ba81f078758394fc29e319d1b8a1314ee"}
}
