TN:
SF:/Users/ryan/Dev/react/react-native-dropdownalert/DropdownAlert.js
FN:135,(anonymous_0)
FN:149,(anonymous_1)
FN:152,(anonymous_2)
FN:157,(anonymous_3)
FN:159,(anonymous_4)
FN:162,(anonymous_5)
FN:165,(anonymous_6)
FN:172,(anonymous_7)
FN:178,(anonymous_8)
FN:186,(anonymous_9)
FN:214,(anonymous_10)
FN:228,(anonymous_11)
FN:241,(anonymous_12)
FN:252,(anonymous_13)
FN:266,(anonymous_14)
FN:293,(anonymous_15)
FN:310,(anonymous_16)
FN:318,(anonymous_17)
FN:347,(anonymous_18)
FN:362,(anonymous_19)
FN:376,(anonymous_20)
FN:390,(anonymous_21)
FN:396,(anonymous_22)
FN:408,(anonymous_23)
FN:417,(anonymous_24)
FN:424,(anonymous_25)
FN:431,(anonymous_26)
FN:471,(anonymous_27)
FN:475,(anonymous_28)
FN:477,(anonymous_29)
FNF:30
FNH:15
FNDA:13,(anonymous_0)
FNDA:13,(anonymous_1)
FNDA:0,(anonymous_2)
FNDA:13,(anonymous_3)
FNDA:0,(anonymous_4)
FNDA:0,(anonymous_5)
FNDA:0,(anonymous_6)
FNDA:0,(anonymous_7)
FNDA:0,(anonymous_8)
FNDA:3,(anonymous_9)
FNDA:0,(anonymous_10)
FNDA:0,(anonymous_11)
FNDA:0,(anonymous_12)
FNDA:2,(anonymous_13)
FNDA:0,(anonymous_14)
FNDA:1,(anonymous_15)
FNDA:1,(anonymous_16)
FNDA:0,(anonymous_17)
FNDA:10,(anonymous_18)
FNDA:10,(anonymous_19)
FNDA:10,(anonymous_20)
FNDA:10,(anonymous_21)
FNDA:10,(anonymous_22)
FNDA:0,(anonymous_23)
FNDA:10,(anonymous_24)
FNDA:10,(anonymous_25)
FNDA:24,(anonymous_26)
FNDA:0,(anonymous_27)
FNDA:0,(anonymous_28)
FNDA:0,(anonymous_29)
DA:136,13
DA:137,13
DA:150,13
DA:153,0
DA:154,0
DA:158,13
DA:160,0
DA:163,0
DA:166,0
DA:167,0
DA:173,0
DA:174,0
DA:175,0
DA:179,0
DA:180,0
DA:181,0
DA:187,3
DA:188,1
DA:190,2
DA:191,1
DA:192,1
DA:194,2
DA:195,1
DA:196,1
DA:198,2
DA:199,1
DA:206,1
DA:207,0
DA:209,1
DA:210,1
DA:211,1
DA:213,1
DA:215,0
DA:221,1
DA:222,1
DA:223,0
DA:224,0
DA:226,1
DA:227,1
DA:229,0
DA:230,0
DA:238,0
DA:239,0
DA:240,0
DA:242,0
DA:253,2
DA:254,1
DA:256,2
DA:257,2
DA:258,1
DA:260,2
DA:261,1
DA:262,0
DA:264,1
DA:265,1
DA:267,0
DA:268,0
DA:271,0
DA:272,0
DA:273,0
DA:275,0
DA:278,0
DA:279,0
DA:285,0
DA:294,1
DA:295,1
DA:296,1
DA:298,1
DA:301,1
DA:302,1
DA:303,0
DA:305,1
DA:311,1
DA:319,0
DA:320,0
DA:321,0
DA:322,0
DA:323,0
DA:324,0
DA:325,0
DA:326,0
DA:328,0
DA:329,0
DA:331,0
DA:332,0
DA:333,0
DA:334,0
DA:336,0
DA:337,0
DA:338,0
DA:340,0
DA:341,0
DA:348,10
DA:349,10
DA:351,3
DA:353,1
DA:355,1
DA:357,1
DA:359,4
DA:363,10
DA:365,3
DA:367,1
DA:369,1
DA:371,1
DA:373,4
DA:377,10
DA:379,3
DA:381,1
DA:383,1
DA:385,1
DA:387,4
DA:391,10
DA:392,0
DA:394,10
DA:397,10
DA:398,1
DA:399,0
DA:401,1
DA:408,0
DA:415,9
DA:418,10
DA:419,0
DA:421,10
DA:425,10
DA:426,0
DA:428,10
DA:432,24
DA:433,24
DA:434,10
DA:435,10
DA:436,10
DA:437,10
DA:438,10
DA:439,0
DA:440,0
DA:442,0
DA:443,0
DA:446,10
DA:447,10
DA:448,0
DA:449,0
DA:450,10
DA:451,10
DA:454,10
DA:469,10
DA:470,10
DA:471,0
DA:475,0
DA:477,0
DA:493,14
LF:150
LH:84
BRDA:113,0,0,0
BRDA:113,0,1,1
BRDA:153,1,0,0
BRDA:153,1,1,0
BRDA:163,2,0,0
BRDA:163,2,1,0
BRDA:163,2,2,0
BRDA:166,3,0,0
BRDA:166,3,1,0
BRDA:174,4,0,0
BRDA:174,4,1,0
BRDA:180,5,0,0
BRDA:180,5,1,0
BRDA:187,6,0,1
BRDA:187,6,1,2
BRDA:190,7,0,1
BRDA:190,7,1,1
BRDA:194,8,0,1
BRDA:194,8,1,1
BRDA:198,9,0,1
BRDA:198,9,1,1
BRDA:206,10,0,0
BRDA:206,10,1,1
BRDA:209,11,0,1
BRDA:209,11,1,0
BRDA:210,12,0,1
BRDA:210,12,1,0
BRDA:222,13,0,0
BRDA:222,13,1,1
BRDA:229,14,0,0
BRDA:229,14,1,0
BRDA:239,15,0,0
BRDA:239,15,1,0
BRDA:253,16,0,1
BRDA:253,16,1,1
BRDA:257,17,0,1
BRDA:257,17,1,1
BRDA:260,18,0,1
BRDA:260,18,1,1
BRDA:261,19,0,0
BRDA:261,19,1,1
BRDA:267,20,0,0
BRDA:267,20,1,0
BRDA:271,21,0,0
BRDA:271,21,1,0
BRDA:272,22,0,0
BRDA:272,22,1,0
BRDA:278,23,0,0
BRDA:278,23,1,0
BRDA:294,24,0,1
BRDA:294,24,1,0
BRDA:295,25,0,1
BRDA:295,25,1,0
BRDA:301,26,0,1
BRDA:301,26,1,0
BRDA:302,27,0,0
BRDA:302,27,1,1
BRDA:323,28,0,0
BRDA:323,28,1,0
BRDA:325,29,0,0
BRDA:325,29,1,0
BRDA:328,30,0,0
BRDA:328,30,1,0
BRDA:331,31,0,0
BRDA:331,31,1,0
BRDA:333,32,0,0
BRDA:333,32,1,0
BRDA:337,33,0,0
BRDA:337,33,1,0
BRDA:340,34,0,0
BRDA:340,34,1,0
BRDA:340,35,0,0
BRDA:340,35,1,0
BRDA:349,36,0,3
BRDA:349,36,1,1
BRDA:349,36,2,1
BRDA:349,36,3,1
BRDA:349,36,4,4
BRDA:363,37,0,3
BRDA:363,37,1,1
BRDA:363,37,2,1
BRDA:363,37,3,1
BRDA:363,37,4,4
BRDA:377,38,0,3
BRDA:377,38,1,1
BRDA:377,38,2,1
BRDA:377,38,3,1
BRDA:377,38,4,4
BRDA:391,39,0,0
BRDA:391,39,1,10
BRDA:397,40,0,1
BRDA:397,40,1,9
BRDA:398,41,0,0
BRDA:398,41,1,1
BRDA:418,42,0,0
BRDA:418,42,1,10
BRDA:425,43,0,0
BRDA:425,43,1,10
BRDA:433,44,0,10
BRDA:433,44,1,14
BRDA:438,45,0,0
BRDA:438,45,1,10
BRDA:439,46,0,0
BRDA:439,46,1,0
BRDA:442,47,0,0
BRDA:442,47,1,0
BRDA:446,48,0,10
BRDA:446,48,1,0
BRDA:447,49,0,0
BRDA:447,49,1,10
BRDA:450,50,0,10
BRDA:450,50,1,0
BRDA:469,51,0,1
BRDA:469,51,1,9
BRDA:474,52,0,1
BRDA:474,52,1,9
BRDA:474,53,0,10
BRDA:474,53,1,10
BRDA:475,54,0,0
BRDA:475,54,1,10
BRF:120
BRH:58
end_of_record
TN:
SF:/Users/ryan/Dev/react/react-native-dropdownalert/constants.js
FNF:0
FNH:0
DA:3,3
DA:4,3
DA:5,3
DA:6,3
DA:7,3
DA:8,3
DA:9,3
DA:10,3
DA:12,3
LF:9
LH:9
BRDA:3,0,0,3
BRDA:3,0,1,0
BRDA:4,1,0,3
BRDA:4,1,1,0
BRF:4
BRH:2
end_of_record
TN:
SF:/Users/ryan/Dev/react/react-native-dropdownalert/functions.js
FN:1,(anonymous_0)
FNF:1
FNH:1
FNDA:10,(anonymous_0)
DA:1,2
DA:2,10
DA:3,1
DA:4,1
DA:6,9
DA:7,2
DA:8,2
DA:10,7
LF:8
LH:8
BRDA:2,0,0,1
BRDA:2,0,1,9
BRDA:2,1,0,10
BRDA:2,1,1,9
BRDA:6,2,0,2
BRDA:6,2,1,7
BRDA:6,3,0,9
BRDA:6,3,1,7
BRDA:6,3,2,6
BRDA:6,3,3,4
BRDA:6,3,4,3
BRF:11
BRH:11
end_of_record
TN:
SF:/Users/ryan/Dev/react/react-native-dropdownalert/imageview.js
FN:22,(anonymous_0)
FNF:1
FNH:1
FNDA:5,(anonymous_0)
DA:23,5
DA:24,5
DA:25,4
DA:26,4
DA:27,1
DA:29,4
DA:30,1
DA:32,4
DA:34,1
LF:9
LH:9
BRDA:24,0,0,4
BRDA:24,0,1,1
BRDA:26,1,0,1
BRDA:26,1,1,3
BRDA:29,2,0,1
BRDA:29,2,1,3
BRDA:32,3,0,3
BRDA:32,3,1,1
BRF:8
BRH:8
end_of_record
TN:
SF:/Users/ryan/Dev/react/react-native-dropdownalert/label.js
FN:23,(anonymous_0)
FNF:1
FNH:1
FNDA:2,(anonymous_0)
DA:24,2
DA:25,2
DA:26,1
DA:32,1
LF:4
LH:4
BRDA:25,0,0,1
BRDA:25,0,1,1
BRDA:25,1,0,2
BRDA:25,1,1,2
BRF:4
BRH:4
end_of_record
TN:
SF:/Users/ryan/Dev/react/react-native-dropdownalert/setupTests.js
FNF:0
FNH:0
DA:3,5
LF:1
LH:1
BRF:0
BRH:0
end_of_record
TN:
SF:/Users/ryan/Dev/react/react-native-dropdownalert/assets/cancel.png
FNF:0
FNH:0
DA:1,1
LF:1
LH:1
BRF:0
BRH:0
end_of_record
TN:
SF:/Users/ryan/Dev/react/react-native-dropdownalert/assets/error.png
FNF:0
FNH:0
DA:1,2
LF:1
LH:1
BRF:0
BRH:0
end_of_record
TN:
SF:/Users/ryan/Dev/react/react-native-dropdownalert/assets/info.png
FNF:0
FNH:0
DA:1,1
LF:1
LH:1
BRF:0
BRH:0
end_of_record
TN:
SF:/Users/ryan/Dev/react/react-native-dropdownalert/assets/success.png
FNF:0
FNH:0
DA:1,1
LF:1
LH:1
BRF:0
BRH:0
end_of_record
TN:
SF:/Users/ryan/Dev/react/react-native-dropdownalert/assets/warn.png
FNF:0
FNH:0
DA:1,1
LF:1
LH:1
BRF:0
BRH:0
end_of_record
